<?xml version="1.0" encoding="UTF-8"?>
<robot generator="Robot 4.1.2 (Python 3.9.7 on darwin)" generated="20220228 12:11:14.281" rpa="false" schemaversion="2">
<suite id="s1" name="DDT-CSV" source="/Users/hutraksamon/RobotFramework_Practice/DDT/TestCase/DDT-CSV.robot">
<kw name="Start TestCase" library="common" type="SETUP">
<kw name="Open Browser" library="SeleniumLibrary">
<arg>${url}</arg>
<arg>${browser}</arg>
<doc>Opens a new browser instance to the optional ``url``.</doc>
<msg timestamp="20220228 12:11:14.383" level="INFO">Opening browser 'chrome' to base url 'https://www.saucedemo.com/'.</msg>
<status status="PASS" starttime="20220228 12:11:14.383" endtime="20220228 12:11:16.823"/>
</kw>
<kw name="Maximize Browser Window" library="SeleniumLibrary">
<doc>Maximizes current browser window.</doc>
<status status="PASS" starttime="20220228 12:11:16.824" endtime="20220228 12:11:16.951"/>
</kw>
<kw name="Sleep" library="BuiltIn">
<arg>2s</arg>
<doc>Pauses the test executed for the given time.</doc>
<msg timestamp="20220228 12:11:18.952" level="INFO">Slept 2 seconds</msg>
<status status="PASS" starttime="20220228 12:11:16.951" endtime="20220228 12:11:18.952"/>
</kw>
<status status="PASS" starttime="20220228 12:11:14.383" endtime="20220228 12:11:18.952"/>
</kw>
<test id="s1-t1" name="Verify Login Fails with Invalid Creds">
<kw name="Invalid Login Scenarios">
<arg>Epic sadface: Username is required</arg>
<kw name="Input Text" library="SeleniumLibrary">
<arg>${txtbox_username}</arg>
<arg>${username}</arg>
<doc>Types the given ``text`` into the text field identified by ``locator``.</doc>
<msg timestamp="20220228 12:11:18.954" level="INFO">Typing text '' into text field '//*[@id="user-name"]'.</msg>
<status status="PASS" starttime="20220228 12:11:18.954" endtime="20220228 12:11:19.001"/>
</kw>
<kw name="Input Text" library="SeleniumLibrary">
<arg>${txtbox_password}</arg>
<arg>${password}</arg>
<doc>Types the given ``text`` into the text field identified by ``locator``.</doc>
<msg timestamp="20220228 12:11:19.002" level="INFO">Typing text '' into text field '//*[@id="password"]'.</msg>
<status status="PASS" starttime="20220228 12:11:19.001" endtime="20220228 12:11:19.032"/>
</kw>
<kw name="Click Button" library="SeleniumLibrary">
<arg>${btn_login}</arg>
<doc>Clicks the button identified by ``locator``.</doc>
<msg timestamp="20220228 12:11:19.033" level="INFO">Clicking button '//*[@id="login-button"]'.</msg>
<status status="PASS" starttime="20220228 12:11:19.032" endtime="20220228 12:11:19.067"/>
</kw>
<kw name="Element Should Contain" library="SeleniumLibrary">
<arg>${txt_error}</arg>
<arg>${error_msg}</arg>
<doc>Verifies that element ``locator`` contains text ``expected``.</doc>
<msg timestamp="20220228 12:11:19.082" level="INFO">Element '//*[@id="login_button_container"]/div/form/div[3]' contains text 'Epic sadface: Username is required'.</msg>
<status status="PASS" starttime="20220228 12:11:19.067" endtime="20220228 12:11:19.082"/>
</kw>
<status status="PASS" starttime="20220228 12:11:18.954" endtime="20220228 12:11:19.082"/>
</kw>
<status status="PASS" starttime="20220228 12:11:18.952" endtime="20220228 12:11:19.082"/>
</test>
<test id="s1-t2" name="Verify Login Fails with Invalid Creds">
<kw name="Invalid Login Scenarios">
<arg>secret_sauce</arg>
<arg>Epic sadface: Username is required</arg>
<kw name="Input Text" library="SeleniumLibrary">
<arg>${txtbox_username}</arg>
<arg>${username}</arg>
<doc>Types the given ``text`` into the text field identified by ``locator``.</doc>
<msg timestamp="20220228 12:11:19.083" level="INFO">Typing text '' into text field '//*[@id="user-name"]'.</msg>
<status status="PASS" starttime="20220228 12:11:19.083" endtime="20220228 12:11:19.104"/>
</kw>
<kw name="Input Text" library="SeleniumLibrary">
<arg>${txtbox_password}</arg>
<arg>${password}</arg>
<doc>Types the given ``text`` into the text field identified by ``locator``.</doc>
<msg timestamp="20220228 12:11:19.104" level="INFO">Typing text 'secret_sauce' into text field '//*[@id="password"]'.</msg>
<status status="PASS" starttime="20220228 12:11:19.104" endtime="20220228 12:11:19.162"/>
</kw>
<kw name="Click Button" library="SeleniumLibrary">
<arg>${btn_login}</arg>
<doc>Clicks the button identified by ``locator``.</doc>
<msg timestamp="20220228 12:11:19.163" level="INFO">Clicking button '//*[@id="login-button"]'.</msg>
<status status="PASS" starttime="20220228 12:11:19.162" endtime="20220228 12:11:19.178"/>
</kw>
<kw name="Element Should Contain" library="SeleniumLibrary">
<arg>${txt_error}</arg>
<arg>${error_msg}</arg>
<doc>Verifies that element ``locator`` contains text ``expected``.</doc>
<msg timestamp="20220228 12:11:19.183" level="INFO">Element '//*[@id="login_button_container"]/div/form/div[3]' contains text 'Epic sadface: Username is required'.</msg>
<status status="PASS" starttime="20220228 12:11:19.178" endtime="20220228 12:11:19.183"/>
</kw>
<status status="PASS" starttime="20220228 12:11:19.083" endtime="20220228 12:11:19.183"/>
</kw>
<status status="PASS" starttime="20220228 12:11:19.082" endtime="20220228 12:11:19.183"/>
</test>
<test id="s1-t3" name="Verify Login Fails with Invalid Creds">
<kw name="Invalid Login Scenarios">
<arg>standard_user</arg>
<arg>secret_se</arg>
<arg>Epic sadface: Username and password do not match any user in this service</arg>
<kw name="Input Text" library="SeleniumLibrary">
<arg>${txtbox_username}</arg>
<arg>${username}</arg>
<doc>Types the given ``text`` into the text field identified by ``locator``.</doc>
<msg timestamp="20220228 12:11:19.185" level="INFO">Typing text 'standard_user' into text field '//*[@id="user-name"]'.</msg>
<status status="PASS" starttime="20220228 12:11:19.185" endtime="20220228 12:11:19.218"/>
</kw>
<kw name="Input Text" library="SeleniumLibrary">
<arg>${txtbox_password}</arg>
<arg>${password}</arg>
<doc>Types the given ``text`` into the text field identified by ``locator``.</doc>
<msg timestamp="20220228 12:11:19.219" level="INFO">Typing text 'secret_se' into text field '//*[@id="password"]'.</msg>
<status status="PASS" starttime="20220228 12:11:19.219" endtime="20220228 12:11:19.250"/>
</kw>
<kw name="Click Button" library="SeleniumLibrary">
<arg>${btn_login}</arg>
<doc>Clicks the button identified by ``locator``.</doc>
<msg timestamp="20220228 12:11:19.250" level="INFO">Clicking button '//*[@id="login-button"]'.</msg>
<status status="PASS" starttime="20220228 12:11:19.250" endtime="20220228 12:11:19.266"/>
</kw>
<kw name="Element Should Contain" library="SeleniumLibrary">
<arg>${txt_error}</arg>
<arg>${error_msg}</arg>
<doc>Verifies that element ``locator`` contains text ``expected``.</doc>
<msg timestamp="20220228 12:11:19.272" level="INFO">Element '//*[@id="login_button_container"]/div/form/div[3]' contains text 'Epic sadface: Username and password do not match any user in this service'.</msg>
<status status="PASS" starttime="20220228 12:11:19.266" endtime="20220228 12:11:19.272"/>
</kw>
<status status="PASS" starttime="20220228 12:11:19.184" endtime="20220228 12:11:19.272"/>
</kw>
<status status="PASS" starttime="20220228 12:11:19.184" endtime="20220228 12:11:19.272"/>
</test>
<test id="s1-t4" name="Verify Login Fails with Invalid Creds">
<kw name="Invalid Login Scenarios">
<arg>locked_out_user</arg>
<arg>secret_sauce</arg>
<arg>Epic sadface: Sorry, this user has been locked out.</arg>
<kw name="Input Text" library="SeleniumLibrary">
<arg>${txtbox_username}</arg>
<arg>${username}</arg>
<doc>Types the given ``text`` into the text field identified by ``locator``.</doc>
<msg timestamp="20220228 12:11:19.274" level="INFO">Typing text 'locked_out_user' into text field '//*[@id="user-name"]'.</msg>
<status status="PASS" starttime="20220228 12:11:19.273" endtime="20220228 12:11:19.303"/>
</kw>
<kw name="Input Text" library="SeleniumLibrary">
<arg>${txtbox_password}</arg>
<arg>${password}</arg>
<doc>Types the given ``text`` into the text field identified by ``locator``.</doc>
<msg timestamp="20220228 12:11:19.303" level="INFO">Typing text 'secret_sauce' into text field '//*[@id="password"]'.</msg>
<status status="PASS" starttime="20220228 12:11:19.303" endtime="20220228 12:11:19.339"/>
</kw>
<kw name="Click Button" library="SeleniumLibrary">
<arg>${btn_login}</arg>
<doc>Clicks the button identified by ``locator``.</doc>
<msg timestamp="20220228 12:11:19.339" level="INFO">Clicking button '//*[@id="login-button"]'.</msg>
<status status="PASS" starttime="20220228 12:11:19.339" endtime="20220228 12:11:19.358"/>
</kw>
<kw name="Element Should Contain" library="SeleniumLibrary">
<arg>${txt_error}</arg>
<arg>${error_msg}</arg>
<doc>Verifies that element ``locator`` contains text ``expected``.</doc>
<msg timestamp="20220228 12:11:19.364" level="INFO">Element '//*[@id="login_button_container"]/div/form/div[3]' contains text 'Epic sadface: Sorry, this user has been locked out.'.</msg>
<status status="PASS" starttime="20220228 12:11:19.358" endtime="20220228 12:11:19.364"/>
</kw>
<status status="PASS" starttime="20220228 12:11:19.273" endtime="20220228 12:11:19.364"/>
</kw>
<status status="PASS" starttime="20220228 12:11:19.272" endtime="20220228 12:11:19.364"/>
</test>
<test id="s1-t5" name="Verify Login Fails with Invalid Creds">
<kw name="Invalid Login Scenarios">
<arg>standard_us</arg>
<arg>secret_sauce</arg>
<arg>Epic sadface: Username and password do not match any user in this service</arg>
<kw name="Input Text" library="SeleniumLibrary">
<arg>${txtbox_username}</arg>
<arg>${username}</arg>
<doc>Types the given ``text`` into the text field identified by ``locator``.</doc>
<msg timestamp="20220228 12:11:19.366" level="INFO">Typing text 'standard_us' into text field '//*[@id="user-name"]'.</msg>
<status status="PASS" starttime="20220228 12:11:19.366" endtime="20220228 12:11:19.391"/>
</kw>
<kw name="Input Text" library="SeleniumLibrary">
<arg>${txtbox_password}</arg>
<arg>${password}</arg>
<doc>Types the given ``text`` into the text field identified by ``locator``.</doc>
<msg timestamp="20220228 12:11:19.392" level="INFO">Typing text 'secret_sauce' into text field '//*[@id="password"]'.</msg>
<status status="PASS" starttime="20220228 12:11:19.392" endtime="20220228 12:11:19.423"/>
</kw>
<kw name="Click Button" library="SeleniumLibrary">
<arg>${btn_login}</arg>
<doc>Clicks the button identified by ``locator``.</doc>
<msg timestamp="20220228 12:11:19.423" level="INFO">Clicking button '//*[@id="login-button"]'.</msg>
<status status="PASS" starttime="20220228 12:11:19.423" endtime="20220228 12:11:19.441"/>
</kw>
<kw name="Element Should Contain" library="SeleniumLibrary">
<arg>${txt_error}</arg>
<arg>${error_msg}</arg>
<doc>Verifies that element ``locator`` contains text ``expected``.</doc>
<msg timestamp="20220228 12:11:19.447" level="INFO">Element '//*[@id="login_button_container"]/div/form/div[3]' contains text 'Epic sadface: Username and password do not match any user in this service'.</msg>
<status status="PASS" starttime="20220228 12:11:19.441" endtime="20220228 12:11:19.447"/>
</kw>
<status status="PASS" starttime="20220228 12:11:19.365" endtime="20220228 12:11:19.447"/>
</kw>
<status status="PASS" starttime="20220228 12:11:19.365" endtime="20220228 12:11:19.447"/>
</test>
<test id="s1-t6" name="Verify Login Fails with Invalid Creds">
<kw name="Invalid Login Scenarios">
<arg>standard_us</arg>
<arg>secret_se</arg>
<arg>Epic sadface: Username and password do not match any user in this service</arg>
<kw name="Input Text" library="SeleniumLibrary">
<arg>${txtbox_username}</arg>
<arg>${username}</arg>
<doc>Types the given ``text`` into the text field identified by ``locator``.</doc>
<msg timestamp="20220228 12:11:19.449" level="INFO">Typing text 'standard_us' into text field '//*[@id="user-name"]'.</msg>
<status status="PASS" starttime="20220228 12:11:19.448" endtime="20220228 12:11:19.476"/>
</kw>
<kw name="Input Text" library="SeleniumLibrary">
<arg>${txtbox_password}</arg>
<arg>${password}</arg>
<doc>Types the given ``text`` into the text field identified by ``locator``.</doc>
<msg timestamp="20220228 12:11:19.477" level="INFO">Typing text 'secret_se' into text field '//*[@id="password"]'.</msg>
<status status="PASS" starttime="20220228 12:11:19.476" endtime="20220228 12:11:19.508"/>
</kw>
<kw name="Click Button" library="SeleniumLibrary">
<arg>${btn_login}</arg>
<doc>Clicks the button identified by ``locator``.</doc>
<msg timestamp="20220228 12:11:19.508" level="INFO">Clicking button '//*[@id="login-button"]'.</msg>
<status status="PASS" starttime="20220228 12:11:19.508" endtime="20220228 12:11:19.524"/>
</kw>
<kw name="Element Should Contain" library="SeleniumLibrary">
<arg>${txt_error}</arg>
<arg>${error_msg}</arg>
<doc>Verifies that element ``locator`` contains text ``expected``.</doc>
<msg timestamp="20220228 12:11:19.531" level="INFO">Element '//*[@id="login_button_container"]/div/form/div[3]' contains text 'Epic sadface: Username and password do not match any user in this service'.</msg>
<status status="PASS" starttime="20220228 12:11:19.524" endtime="20220228 12:11:19.531"/>
</kw>
<status status="PASS" starttime="20220228 12:11:19.448" endtime="20220228 12:11:19.531"/>
</kw>
<status status="PASS" starttime="20220228 12:11:19.447" endtime="20220228 12:11:19.531"/>
</test>
<kw name="Finish TestCase" library="common" type="TEARDOWN">
<kw name="Close Browser" library="SeleniumLibrary">
<doc>Closes the current browser.</doc>
<status status="PASS" starttime="20220228 12:11:19.532" endtime="20220228 12:11:19.600"/>
</kw>
<status status="PASS" starttime="20220228 12:11:19.532" endtime="20220228 12:11:19.600"/>
</kw>
<status status="PASS" starttime="20220228 12:11:14.282" endtime="20220228 12:11:19.600"/>
</suite>
<statistics>
<total>
<stat pass="6" fail="0" skip="0">All Tests</stat>
</total>
<tag>
</tag>
<suite>
<stat pass="6" fail="0" skip="0" id="s1" name="DDT-CSV">DDT-CSV</stat>
</suite>
</statistics>
<errors>
<msg timestamp="20220228 12:11:19.082" level="WARN">Multiple test cases with name 'Verify Login Fails with Invalid Creds' executed in test suite 'DDT-CSV'.</msg>
<msg timestamp="20220228 12:11:19.184" level="WARN">Multiple test cases with name 'Verify Login Fails with Invalid Creds' executed in test suite 'DDT-CSV'.</msg>
<msg timestamp="20220228 12:11:19.272" level="WARN">Multiple test cases with name 'Verify Login Fails with Invalid Creds' executed in test suite 'DDT-CSV'.</msg>
<msg timestamp="20220228 12:11:19.365" level="WARN">Multiple test cases with name 'Verify Login Fails with Invalid Creds' executed in test suite 'DDT-CSV'.</msg>
<msg timestamp="20220228 12:11:19.447" level="WARN">Multiple test cases with name 'Verify Login Fails with Invalid Creds' executed in test suite 'DDT-CSV'.</msg>
</errors>
</robot>
